#
# There is insufficient memory for the Java Runtime Environment to continue.
# Native memory allocation (mmap) failed to map 117440512 bytes. Error detail: G1 virtual space
# Possible reasons:
#   The system is out of physical RAM or swap space
#   This process is running with CompressedOops enabled, and the Java Heap may be blocking the growth of the native heap
# Possible solutions:
#   Reduce memory load on the system
#   Increase physical memory or swap space
#   Check if swap backing store is full
#   Decrease Java heap size (-Xmx/-Xms)
#   Decrease number of Java threads
#   Decrease Java thread stack sizes (-Xss)
#   Set larger code cache with -XX:ReservedCodeCacheSize=
#   JVM is running with Unscaled Compressed Oops mode in which the Java heap is
#     placed in the first 4GB address space. The Java Heap base address is the
#     maximum limit for the native heap growth. Please use -XX:HeapBaseMinAddress
#     to set the Java Heap base and to place the Java Heap above 4GB virtual address.
# This output file may be truncated or incomplete.
#
#  Out of Memory Error (os_windows.cpp:3926), pid=5940, tid=15544
#
# JRE version:  (21.0.10) (build )
# Java VM: OpenJDK 64-Bit Server VM (21.0.10+-14961533-b1163.108, mixed mode, sharing, tiered, compressed oops, compressed class ptrs, g1 gc, windows-amd64)
# No core dump will be written. Minidumps are not enabled by default on client versions of Windows
#

---------------  S U M M A R Y ------------

Command Line: org.jetbrains.kotlin.cli.jvm.K2JVMCompiler @C:\Users\andre\AndroidStudioProjects\ToolShedd\app\build\20260517_10873270142838279882.compiler.options

Host: AMD Ryzen 7 3700U with Radeon Vega Mobile Gfx  , 8 cores, 6G,  Windows 11 , 64 bit Build 22621 (10.0.22621.5415)
Time: Sun May 17 01:03:38 2026 Malay Peninsula Standard Time elapsed time: 0.035225 seconds (0d 0h 0m 0s)

---------------  T H R E A D  ---------------

Current thread (0x000002b051baab80):  JavaThread "Unknown thread" [_thread_in_vm, id=15544, stack(0x000000eaeeb00000,0x000000eaeec00000) (1024K)]

Stack: [0x000000eaeeb00000,0x000000eaeec00000]
Native frames: (J=compiled Java code, j=interpreted, Vv=VM code, C=native code)
V  [jvm.dll+0x6d78a9]
V  [jvm.dll+0x8665b3]
V  [jvm.dll+0x868bde]
V  [jvm.dll+0x8692c3]
V  [jvm.dll+0x280ee6]
V  [jvm.dll+0x6d4165]
V  [jvm.dll+0x6c77fa]
V  [jvm.dll+0x358f4b]
V  [jvm.dll+0x360bc6]
V  [jvm.dll+0x3b2ea6]
V  [jvm.dll+0x3b3178]
V  [jvm.dll+0x32b65c]
V  [jvm.dll+0x32c34b]
V  [jvm.dll+0x82f449]
V  [jvm.dll+0x3c0078]
V  [jvm.dll+0x8185e8]
V  [jvm.dll+0x45449e]
V  [jvm.dll+0x455c01]
C  [jli.dll+0x52ab]
C  [ucrtbase.dll+0x29333]
C  [KERNEL32.DLL+0x1259d]
C  [ntdll.dll+0x5af78]


---------------  P R O C E S S  ---------------

Threads class SMR info:
_java_thread_list=0x00007ffa1c69b9c8, length=0, elements={
}

Java Threads: ( => current thread )
Total: 0

Other Threads:
  0x000002b053f25330 WorkerThread "GC Thread#0"                     [id=5692, stack(0x000000eaeec00000,0x000000eaeed00000) (1024K)]
  0x000002b053f34930 ConcurrentGCThread "G1 Main Marker"            [id=4564, stack(0x000000eaeed00000,0x000000eaeee00000) (1024K)]
  0x000002b053f35440 WorkerThread "G1 Conc#0"                       [id=13932, stack(0x0000000000000000,0x0000000000000000) (0B)]

[error occurred during error reporting (printing all threads), id 0xc0000005, EXCEPTION_ACCESS_VIOLATION (0xc0000005) at pc=0x00007ffa1be8e637]
VM state: not at safepoint (not fully initialized)

VM Mutex/Monitor currently owned by a thread:  ([mutex/lock_event])
[0x00007ffa1c7087d0] Heap_lock - owner thread: 0x000002b051baab80

Heap address: 0x0000000091000000, size: 1776 MB, Compressed Oops mode: 32-bit

CDS archive(s) mapped at: [0x0000000000000000-0x0000000000000000-0x0000000000000000), size 0, SharedBaseAddress: 0x0000000800000000, ArchiveRelocationMode: 1.
Narrow klass base: 0x0000000000000000, Narrow klass shift: 0, Narrow klass range: 0x0

GC Precious Log:
 CardTable entry size: 512
 Card Set container configuration: InlinePtr #cards 5 size 8 Array Of Cards #cards 12 size 40 Howl #buckets 4 coarsen threshold 1843 Howl Bitmap #cards 512 size 80 coarsen threshold 460 Card regions per heap region 1 cards per card region 2048

Heap:
 garbage-first heap   total 0K, used 0K [0x0000000091000000, 0x0000000100000000)
  region size 1024K, 0 young (0K), 0 survivors (0K)
 Metaspace       used 0K, committed 0K, reserved 0K
  class space    used 0K, committed 0K, reserved 0K

Heap Regions: E=young(eden), S=young(survivor), O=old, HS=humongous(starts), HC=humongous(continues), CS=collection set, F=free, TAMS=top-at-mark-start, PB=parsable bottom

Card table byte_map: [0x000002b066700000,0x000002b066a80000] _byte_map_base: 0x000002b066278000

Marking Bits: (CMBitMap*) 0x000002b053f25a40
 Bits: [0x000002b066a80000, 0x000002b068640000)

GC Heap History (0 events):
No events

Dll operation events (1 events):
Event: 0.025 Loaded shared library C:\Program Files\Android\Android Studio\jbr\bin\java.dll

Deoptimization events (0 events):
No events

Classes loaded (0 events):
No events

Classes unloaded (0 events):
No events

Classes redefined (0 events):
No events

Internal exceptions (0 events):
No events

ZGC Phase Switch (0 events):
No events

VM Operations (0 events):
No events

Memory protections (0 events):
No events

Nmethod flushes (0 events):
No events

Events (0 events):
No events


Dynamic libraries:
0x00007ff6ab8b0000 - 0x00007ff6ab8ba000 	C:\Program Files\Android\Android Studio\jbr\bin\java.exe
0x00007ffa6aa30000 - 0x00007ffa6ac48000 	C:\WINDOWS\SYSTEM32\ntdll.dll
0x00007ffa69790000 - 0x00007ffa69854000 	C:\WINDOWS\System32\KERNEL32.DLL
0x00007ffa68210000 - 0x00007ffa685e3000 	C:\WINDOWS\System32\KERNELBASE.dll
0x00007ffa67c80000 - 0x00007ffa67d91000 	C:\WINDOWS\System32\ucrtbase.dll
0x00007ffa3a9b0000 - 0x00007ffa3a9c8000 	C:\Program Files\Android\Android Studio\jbr\bin\jli.dll
0x00007ffa6a3a0000 - 0x00007ffa6a552000 	C:\WINDOWS\System32\USER32.dll
0x00007ffa44cb0000 - 0x00007ffa44ccb000 	C:\Program Files\Android\Android Studio\jbr\bin\VCRUNTIME140.dll
0x00007ffa685f0000 - 0x00007ffa68616000 	C:\WINDOWS\System32\win32u.dll
0x00007ffa53a20000 - 0x00007ffa53cbc000 	C:\WINDOWS\WinSxS\amd64_microsoft.windows.common-controls_6595b64144ccf1df_6.0.22621.6060_none_2712eda17382d24b\COMCTL32.dll
0x00007ffa6a8e0000 - 0x00007ffa6a909000 	C:\WINDOWS\System32\GDI32.dll
0x00007ffa69330000 - 0x00007ffa693d7000 	C:\WINDOWS\System32\msvcrt.dll
0x00007ffa67e60000 - 0x00007ffa67f7b000 	C:\WINDOWS\System32\gdi32full.dll
0x00007ffa68170000 - 0x00007ffa6820a000 	C:\WINDOWS\System32\msvcp_win.dll
0x00007ffa6a9b0000 - 0x00007ffa6a9e1000 	C:\WINDOWS\System32\IMM32.DLL
0x00007ffa50490000 - 0x00007ffa5049c000 	C:\Program Files\Android\Android Studio\jbr\bin\vcruntime140_1.dll
0x00007ff9b0a40000 - 0x00007ff9b0acd000 	C:\Program Files\Android\Android Studio\jbr\bin\msvcp140.dll
0x00007ffa1bb50000 - 0x00007ffa1c7e6000 	C:\Program Files\Android\Android Studio\jbr\bin\server\jvm.dll
0x00007ffa69270000 - 0x00007ffa69321000 	C:\WINDOWS\System32\ADVAPI32.dll
0x00007ffa6a710000 - 0x00007ffa6a7b8000 	C:\WINDOWS\System32\sechost.dll
0x00007ffa686a0000 - 0x00007ffa686c8000 	C:\WINDOWS\System32\bcrypt.dll
0x00007ffa6a7c0000 - 0x00007ffa6a8d8000 	C:\WINDOWS\System32\RPCRT4.dll
0x00007ffa6a320000 - 0x00007ffa6a391000 	C:\WINDOWS\System32\WS2_32.dll
0x00007ffa62170000 - 0x00007ffa621a4000 	C:\WINDOWS\SYSTEM32\WINMM.dll
0x00007ffa67a10000 - 0x00007ffa67a5d000 	C:\WINDOWS\SYSTEM32\POWRPROF.dll
0x00007ffa5f570000 - 0x00007ffa5f57a000 	C:\WINDOWS\SYSTEM32\VERSION.dll
0x00007ffa679f0000 - 0x00007ffa67a03000 	C:\WINDOWS\SYSTEM32\UMPDC.dll
0x00007ffa66b20000 - 0x00007ffa66b38000 	C:\WINDOWS\SYSTEM32\kernel.appcore.dll
0x00007ffa4e380000 - 0x00007ffa4e38a000 	C:\Program Files\Android\Android Studio\jbr\bin\jimage.dll
0x00007ffa650e0000 - 0x00007ffa65313000 	C:\WINDOWS\SYSTEM32\DBGHELP.DLL
0x00007ffa686d0000 - 0x00007ffa68a61000 	C:\WINDOWS\System32\combase.dll
0x00007ffa694e0000 - 0x00007ffa695b8000 	C:\WINDOWS\System32\OLEAUT32.dll
0x00007ffa51f20000 - 0x00007ffa51f52000 	C:\WINDOWS\SYSTEM32\dbgcore.DLL
0x00007ffa67f80000 - 0x00007ffa67ffb000 	C:\WINDOWS\System32\bcryptPrimitives.dll
0x00007ffa44aa0000 - 0x00007ffa44ac0000 	C:\Program Files\Android\Android Studio\jbr\bin\java.dll

JVMTI agents: none

dbghelp: loaded successfully - version: 4.0.5 - missing functions: none
symbol engine: initialized successfully - sym options: 0x614 - pdb path: .;C:\Program Files\Android\Android Studio\jbr\bin;C:\WINDOWS\SYSTEM32;C:\WINDOWS\WinSxS\amd64_microsoft.windows.common-controls_6595b64144ccf1df_6.0.22621.6060_none_2712eda17382d24b;C:\Program Files\Android\Android Studio\jbr\bin\server

VM Arguments:
java_command: org.jetbrains.kotlin.cli.jvm.K2JVMCompiler @C:\Users\andre\AndroidStudioProjects\ToolShedd\app\build\20260517_10873270142838279882.compiler.options
java_class_path (initial): C:\Users\andre\.gradle\caches\modules-2\files-2.1\org.jetbrains.kotlin\kotlin-compiler-embeddable\2.2.10\6882d39ef03b18879c1a5d2a83c2212361bed5fe\kotlin-compiler-embeddable-2.2.10.jar;C:\Users\andre\.gradle\caches\modules-2\files-2.1\org.jetbrains.kotlin\kotlin-stdlib\2.2.10\30de6faa127a4a012db8e71bf1b9c0a99b1402b2\kotlin-stdlib-2.2.10.jar;C:\Users\andre\.gradle\caches\modules-2\files-2.1\org.jetbrains.kotlin\kotlin-script-runtime\2.2.10\712f9bc08f378c13a4a00f0bbb28c76e59183e83\kotlin-script-runtime-2.2.10.jar;C:\Users\andre\.gradle\caches\modules-2\files-2.1\org.jetbrains.kotlin\kotlin-reflect\1.6.10\1cbe9c92c12a94eea200d23c2bbaedaf3daf5132\kotlin-reflect-1.6.10.jar;C:\Users\andre\.gradle\caches\modules-2\files-2.1\org.jetbrains.kotlin\kotlin-daemon-embeddable\2.2.10\212fd3c2c6e4e5d0f4db3c4191233e2b622380cc\kotlin-daemon-embeddable-2.2.10.jar;C:\Users\andre\.gradle\caches\modules-2\files-2.1\org.jetbrains.kotlinx\kotlinx-coroutines-core-jvm\1.8.0\ac1dc37a30a93150b704022f8d895ee1bd3a36b3\kotlinx-coroutines-core-jvm-1.8.0.jar;C:\Users\andre\.gradle\caches\modules-2\files-2.1\org.jetbrains\annotations\13.0\919f0dfe192fb4e063e7dacadee7f8bb9a2672a9\annotations-13.0.jar
Launcher Type: SUN_STANDARD

[Global flags]
     intx CICompilerCount                          = 4                                         {product} {ergonomic}
     uint ConcGCThreads                            = 2                                         {product} {ergonomic}
     uint G1ConcRefinementThreads                  = 8                                         {product} {ergonomic}
   size_t G1HeapRegionSize                         = 1048576                                   {product} {ergonomic}
    uintx GCDrainStackTargetSize                   = 64                                        {product} {ergonomic}
   size_t InitialHeapSize                          = 117440512                                 {product} {ergonomic}
   size_t MarkStackSize                            = 4194304                                   {product} {ergonomic}
   size_t MaxHeapSize                              = 1862270976                                {product} {ergonomic}
   size_t MinHeapDeltaBytes                        = 1048576                                   {product} {ergonomic}
   size_t MinHeapSize                              = 8388608                                   {product} {ergonomic}
    uintx NonNMethodCodeHeapSize                   = 5839372                                {pd product} {ergonomic}
    uintx NonProfiledCodeHeapSize                  = 122909434                              {pd product} {ergonomic}
    uintx ProfiledCodeHeapSize                     = 122909434                              {pd product} {ergonomic}
    uintx ReservedCodeCacheSize                    = 251658240                              {pd product} {ergonomic}
     bool SegmentedCodeCache                       = true                                      {product} {ergonomic}
   size_t SoftMaxHeapSize                          = 1862270976                             {manageable} {ergonomic}
     bool UseCompressedOops                        = true                           {product lp64_product} {ergonomic}
     bool UseG1GC                                  = true                                      {product} {ergonomic}
     bool UseLargePagesIndividualAllocation        = false                                  {pd product} {ergonomic}

Logging:
Log output configuration:
 #0: stdout all=warning uptime,level,tags foldmultilines=false
 #1: stderr all=off uptime,level,tags foldmultilines=false

Release file:
<release file has not been read>
Environment Variables:
PATH=C:\WINDOWS\system32;C:\WINDOWS;C:\WINDOWS\System32\Wbem;C:\WINDOWS\System32\WindowsPowerShell\v1.0\;C:\WINDOWS\System32\OpenSSH\;C:\Program Files\Git\cmd;C:\Users\andre\AppData\Local\Microsoft\WindowsApps;C:\Users\andre\IntelliJ IDEA Community Edition 2025.2.6.2\bin;C:\Users\andre\AppData\Local\Programs\Microsoft VS Code\bin
USERNAME=andre
OS=Windows_NT
PROCESSOR_IDENTIFIER=AMD64 Family 23 Model 24 Stepping 1, AuthenticAMD
TMP=C:\Users\andre\AppData\Local\Temp
TEMP=C:\Users\andre\AppData\Local\Temp




Periodic native trim disabled

JNI global refs:
JNI global refs: 0, weak refs: 0

JNI global refs memory usage: 0, weak refs: 0

Process memory usage:
Resident Set Size: 11560K (0% of 7274124K total physical memory with 421968K free physical memory)

OOME stack traces (most recent first):
Classloader memory used:

---------------  S Y S T E M  ---------------

OS:
 Windows 11 , 64 bit Build 22621 (10.0.22621.5415)
OS uptime: 2 days 2:12 hours

CPU: total 8 (initial active 8) (8 cores per cpu, 2 threads per core) family 23 model 24 stepping 1 microcode 0x0, cx8, cmov, fxsr, ht, mmx, 3dnowpref, sse, sse2, sse3, ssse3, sse4a, sse4.1, sse4.2, popcnt, lzcnt, tsc, tscinvbit, avx, avx2, aes, clmul, bmi1, bmi2, adx, sha, fma, vzeroupper, clflush, clflushopt, rdtscp, f16c
Processor Information for the first 8 processors :
  Max Mhz: 2300, Current Mhz: 2300, Mhz Limit: 2300

Memory: 4k page, system-wide physical 7103M (412M free)
TotalPageFile size 17343M (AvailPageFile size 60M)
current process WorkingSet (physical memory assigned to process): 11M, peak: 11M
current process commit charge ("private bytes"): 60M, peak: 172M

vm_info: OpenJDK 64-Bit Server VM (21.0.10+-14961533-b1163.108) for windows-amd64 JRE (21.0.10+-14961533-b1163.108), built on 2026-03-02T19:58:50Z by "builder" with MS VC++ 16.10 / 16.11 (VS2019)

END.
